{"date":"2026-06-28","time":"12:12:59","level":"INFO","message":"Server is running on port 5000","meta":null}
{"date":"2026-06-28","time":"12:18:09","level":"INFO","message":"Server is running on port 5000","meta":null}
{"date":"2026-06-28","time":"12:20:47","level":"INFO","message":"Server is running on port 5000","meta":null}
{"date":"2026-06-28","time":"12:21:08","level":"INFO","message":"Server is running on port 5000","meta":null}
{"date":"2026-06-28","time":"12:21:36","level":"INFO","message":"Server is running on port 5000","meta":null}
{"date":"2026-06-28","time":"12:23:36","level":"INFO","message":"Server is running on port 5000","meta":null}
{"date":"2026-06-28","time":"12:23:51","level":"INFO","message":"Server is running on port 5000","meta":null}
{"date":"2026-06-28","time":"12:24:09","level":"INFO","message":"Server is running on port 5000","meta":null}
{"date":"2026-06-28","time":"12:25:52","level":"INFO","message":"Server is running on port 5000","meta":null}
{"date":"2026-06-28","time":"12:28:09","level":"INFO","message":"Server is running on port 5000","meta":null}
{"date":"2026-06-28","time":"12:28:19","level":"INFO","message":"Server is running on port 5000","meta":null}
{"date":"2026-06-28","time":"12:28:26","level":"INFO","message":"Creating owner with email: phyo@gmail.com","meta":null}
{"date":"2026-06-28","time":"12:28:35","level":"INFO","message":"Server is running on port 5000","meta":null}
{"date":"2026-06-28","time":"12:28:52","level":"INFO","message":"Server is running on port 5000","meta":null}
{"date":"2026-06-28","time":"13:37:21","level":"INFO","message":"Server is running on port 5000","meta":null}
{"date":"2026-06-28","time":"13:40:02","level":"INFO","message":"Server is running on port 5000","meta":null}
{"date":"2026-06-28","time":"13:43:09","level":"INFO","message":"Server is running on port 5000","meta":null}
{"date":"2026-06-28","time":"13:43:48","level":"INFO","message":"Server is running on port 5000","meta":null}
{"date":"2026-06-28","time":"13:44:37","level":"INFO","message":"Server is running on port 5000","meta":null}
{"date":"2026-06-28","time":"13:45:30","level":"INFO","message":"Server is running on port 5000","meta":null}
{"date":"2026-06-28","time":"13:46:30","level":"INFO","message":"Server is running on port 5000","meta":null}
{"date":"2026-06-28","time":"13:47:15","level":"INFO","message":"Server is running on port 5000","meta":null}
{"date":"2026-06-28","time":"13:47:30","level":"INFO","message":"Server is running on port 5000","meta":null}
{"date":"2026-06-28","time":"13:47:38","level":"INFO","message":"Server is running on port 5000","meta":null}
{"date":"2026-06-28","time":"13:47:46","level":"INFO","message":"Server is running on port 5000","meta":null}
{"date":"2026-06-28","time":"13:48:24","level":"INFO","message":"Owner with email: zwe@gmail.com found, validating password","meta":null}
{"date":"2026-06-28","time":"13:48:43","level":"INFO","message":"Server is running on port 5000","meta":null}
{"date":"2026-06-28","time":"13:48:46","level":"INFO","message":"Owner with email: zwe@gmail.com found, validating password","meta":null}
{"date":"2026-06-28","time":"13:49:07","level":"INFO","message":"Server is running on port 5000","meta":null}
{"date":"2026-06-28","time":"13:49:10","level":"INFO","message":"Owner with email: [object Object] found, validating password","meta":null}
{"date":"2026-06-28","time":"13:49:20","level":"INFO","message":"Server is running on port 5000","meta":null}
{"date":"2026-06-28","time":"13:49:21","level":"INFO","message":"Owner with email: 12345 found, validating password","meta":null}
{"date":"2026-06-28","time":"13:49:49","level":"INFO","message":"Server is running on port 5000","meta":null}
{"date":"2026-06-28","time":"13:49:49","level":"INFO","message":"Owner with email: undefined found, validating password","meta":null}
{"date":"2026-06-28","time":"13:50:13","level":"INFO","message":"Server is running on port 5000","meta":null}
{"date":"2026-06-28","time":"13:50:21","level":"INFO","message":"Server is running on port 5000","meta":null}
{"date":"2026-06-28","time":"13:50:22","level":"INFO","message":"Owner with email: [object Object] found, validating password","meta":null}
{"date":"2026-06-28","time":"13:50:35","level":"INFO","message":"Server is running on port 5000","meta":null}
{"date":"2026-06-28","time":"13:50:41","level":"INFO","message":"Server is running on port 5000","meta":null}
{"date":"2026-06-28","time":"13:52:59","level":"INFO","message":"Server is running on port 5000","meta":null}
{"date":"2026-06-28","time":"13:53:23","level":"INFO","message":"Server is running on port 5000","meta":null}
{"date":"2026-06-28","time":"13:53:24","level":"INFO","message":"[object Object] found","meta":null}
{"date":"2026-06-28","time":"13:53:39","level":"INFO","message":"[object Object] found","meta":null}
{"date":"2026-06-28","time":"13:53:54","level":"INFO","message":"[object Object] found","meta":null}
{"date":"2026-06-28","time":"16:01:45","level":"INFO","message":"Server is running on port 5000","meta":null}
{"date":"2026-06-30","time":"01:54:59","level":"INFO","message":"Server is running on port 5000","meta":null}
{"date":"2026-07-01","time":"19:17:27","level":"INFO","message":"Server is running on port 5000","meta":null}
{"date":"2026-07-01","time":"20:36:54","level":"INFO","message":"Server is running on port 5000","meta":null}
{"date":"2026-07-01","time":"20:39:32","level":"INFO","message":"Server is running on port 5000","meta":null}
{"date":"2026-07-01","time":"20:40:15","level":"INFO","message":"Server is running on port 5000","meta":null}
{"date":"2026-07-01","time":"20:40:25","level":"INFO","message":"Server is running on port 5000","meta":null}
{"date":"2026-07-01","time":"20:44:23","level":"INFO","message":"Server is running on port 5000","meta":null}
{"date":"2026-07-01","time":"20:44:39","level":"INFO","message":"File received: photo1.jpg","meta":null}
{"date":"2026-07-01","time":"20:45:14","level":"INFO","message":"Server is running on port 5000","meta":null}
{"date":"2026-07-01","time":"20:45:15","level":"INFO","message":"File received: photo1.jpg","meta":null}
{"date":"2026-07-01","time":"20:45:49","level":"INFO","message":"Server is running on port 5000","meta":null}
{"date":"2026-07-01","time":"20:46:33","level":"INFO","message":"Server is running on port 5000","meta":null}
{"date":"2026-07-01","time":"20:46:45","level":"INFO","message":"Server is running on port 5000","meta":null}
{"date":"2026-07-01","time":"20:46:49","level":"INFO","message":"Create Shop Repository","meta":null}
{"date":"2026-07-01","time":"20:47:30","level":"INFO","message":"Server is running on port 5000","meta":null}
{"date":"2026-07-01","time":"20:47:37","level":"INFO","message":"Server is running on port 5000","meta":null}
{"date":"2026-07-01","time":"20:47:39","level":"INFO","message":"[object Object]","meta":null}
{"date":"2026-07-01","time":"20:47:49","level":"INFO","message":"Server is running on port 5000","meta":null}
{"date":"2026-07-01","time":"20:48:45","level":"INFO","message":"Server is running on port 5000","meta":null}
{"date":"2026-07-01","time":"20:48:55","level":"INFO","message":"Server is running on port 5000","meta":null}
{"date":"2026-07-01","time":"20:49:05","level":"INFO","message":"Server is running on port 5000","meta":null}
{"date":"2026-07-01","time":"20:49:17","level":"INFO","message":"Server is running on port 5000","meta":null}
{"date":"2026-07-01","time":"20:49:22","level":"INFO","message":"Server is running on port 5000","meta":null}
{"date":"2026-07-01","time":"20:49:24","level":"INFO","message":"Server is running on port 5000","meta":null}
{"date":"2026-07-01","time":"20:49:29","level":"INFO","message":"Server is running on port 5000","meta":null}
{"date":"2026-07-01","time":"20:53:57","level":"INFO","message":"Server is running on port 5000","meta":null}
{"date":"2026-07-01","time":"20:54:40","level":"INFO","message":"Server is running on port 5000","meta":null}
{"date":"2026-07-01","time":"20:54:55","level":"INFO","message":"Server is running on port 5000","meta":null}
{"date":"2026-07-01","time":"20:57:23","level":"INFO","message":"Server is running on port 5000","meta":null}
{"date":"2026-07-01","time":"20:58:55","level":"INFO","message":"Server is running on port 5000","meta":null}
{"date":"2026-07-01","time":"20:59:03","level":"INFO","message":"Server is running on port 5000","meta":null}
{"date":"2026-07-01","time":"21:04:48","level":"INFO","message":"Server is running on port 5000","meta":null}
{"date":"2026-07-01","time":"21:05:25","level":"INFO","message":"Server is running on port 5000","meta":null}
{"date":"2026-07-01","time":"21:06:56","level":"INFO","message":"Server is running on port 5000","meta":null}
{"date":"2026-07-01","time":"21:06:59","level":"INFO","message":"Server is running on port 5000","meta":null}
{"date":"2026-07-01","time":"21:07:02","level":"INFO","message":"Server is running on port 5000","meta":null}
{"date":"2026-07-01","time":"21:07:09","level":"INFO","message":"Server is running on port 5000","meta":null}
{"date":"2026-07-01","time":"21:07:37","level":"INFO","message":"Server is running on port 5000","meta":null}
{"date":"2026-07-01","time":"21:13:45","level":"INFO","message":"Server is running on port 5000","meta":null}
{"date":"2026-07-01","time":"21:15:31","level":"INFO","message":"Server is running on port 5000","meta":null}
{"date":"2026-07-01","time":"21:20:32","level":"INFO","message":"Server is running on port 5000","meta":null}
{"date":"2026-07-01","time":"21:21:53","level":"INFO","message":"Server is running on port 5000","meta":null}
{"date":"2026-07-01","time":"21:22:09","level":"INFO","message":"Server is running on port 5000","meta":null}
{"date":"2026-07-01","time":"21:22:20","level":"INFO","message":"Server is running on port 5000","meta":null}
{"date":"2026-07-01","time":"21:22:45","level":"INFO","message":"Server is running on port 5000","meta":null}
{"date":"2026-07-01","time":"21:22:49","level":"INFO","message":"Server is running on port 5000","meta":null}
{"date":"2026-07-01","time":"21:23:20","level":"INFO","message":"Server is running on port 5000","meta":null}
{"date":"2026-07-01","time":"21:23:26","level":"INFO","message":"Server is running on port 5000","meta":null}
{"date":"2026-07-01","time":"21:24:12","level":"INFO","message":"Server is running on port 5000","meta":null}
{"date":"2026-07-01","time":"21:24:21","level":"INFO","message":"Server is running on port 5000","meta":null}
{"date":"2026-07-01","time":"21:24:39","level":"INFO","message":"Server is running on port 5000","meta":null}
{"date":"2026-07-01","time":"21:25:28","level":"INFO","message":"Server is running on port 5000","meta":null}
{"date":"2026-07-01","time":"21:25:34","level":"INFO","message":"Server is running on port 5000","meta":null}
{"date":"2026-07-01","time":"21:26:23","level":"INFO","message":"Server is running on port 5000","meta":null}
{"date":"2026-07-01","time":"21:27:08","level":"INFO","message":"Server is running on port 5000","meta":null}
